Compiling the C compiler identification source file "CMakeCCompilerId.c" failed.
Compiler: F:/cygwin64/bin/cc 
Build flags: 
Id flags:  

The output was:
Access is denied


Compiling the C compiler identification source file "CMakeCCompilerId.c" failed.
Compiler: F:/cygwin64/bin/cc 
Build flags: 
Id flags: -c 

The output was:
Access is denied


Compiling the C compiler identification source file "CMakeCCompilerId.c" failed.
Compiler: F:/cygwin64/bin/cc 
Build flags: 
Id flags: -Aa 

The output was:
Access is denied


Compiling the C compiler identification source file "CMakeCCompilerId.c" failed.
Compiler: F:/cygwin64/bin/cc 
Build flags: 
Id flags: -D__CLASSIC_C__ 

The output was:
Access is denied


Compiling the C compiler identification source file "CMakeCCompilerId.c" failed.
Compiler: F:/cygwin64/bin/cc 
Build flags: 
Id flags:  

The output was:
Access is denied


Compiling the C compiler identification source file "CMakeCCompilerId.c" failed.
Compiler: F:/cygwin64/bin/cc 
Build flags: 
Id flags: -c 

The output was:
Access is denied


Compiling the C compiler identification source file "CMakeCCompilerId.c" failed.
Compiler: F:/cygwin64/bin/cc 
Build flags: 
Id flags: -Aa 

The output was:
Access is denied


Compiling the C compiler identification source file "CMakeCCompilerId.c" failed.
Compiler: F:/cygwin64/bin/cc 
Build flags: 
Id flags: -D__CLASSIC_C__ 

The output was:
Access is denied


Checking whether the C compiler is IAR using "" did not match "IAR .+ Compiler":
Checking whether the C compiler is IAR using "" did not match "IAR .+ Compiler":
Determining if the C compiler works failed with the following output:
Change Dir: P:/rist/b-ninja/CMakeFiles/CMakeTmp

Run Build Command:"F:/cygwin64/bin/ninja.exe" "cmTC_02d58"
ninja: fatal: CreateProcess: Access is denied.



Compiling the C compiler identification source file "CMakeCCompilerId.c" failed.
Compiler: F:/cygwin64/bin/cc 
Build flags: 
Id flags:  

The output was:
Access is denied


Compiling the C compiler identification source file "CMakeCCompilerId.c" failed.
Compiler: F:/cygwin64/bin/cc 
Build flags: 
Id flags: -c 

The output was:
Access is denied


Compiling the C compiler identification source file "CMakeCCompilerId.c" failed.
Compiler: F:/cygwin64/bin/cc 
Build flags: 
Id flags: -Aa 

The output was:
Access is denied


Compiling the C compiler identification source file "CMakeCCompilerId.c" failed.
Compiler: F:/cygwin64/bin/cc 
Build flags: 
Id flags: -D__CLASSIC_C__ 

The output was:
Access is denied


Compiling the C compiler identification source file "CMakeCCompilerId.c" failed.
Compiler: F:/cygwin64/bin/cc 
Build flags: 
Id flags:  

The output was:
Access is denied


Compiling the C compiler identification source file "CMakeCCompilerId.c" failed.
Compiler: F:/cygwin64/bin/cc 
Build flags: 
Id flags: -c 

The output was:
Access is denied


Compiling the C compiler identification source file "CMakeCCompilerId.c" failed.
Compiler: F:/cygwin64/bin/cc 
Build flags: 
Id flags: -Aa 

The output was:
Access is denied


Compiling the C compiler identification source file "CMakeCCompilerId.c" failed.
Compiler: F:/cygwin64/bin/cc 
Build flags: 
Id flags: -D__CLASSIC_C__ 

The output was:
Access is denied


Checking whether the C compiler is IAR using "" did not match "IAR .+ Compiler":
Checking whether the C compiler is IAR using "" did not match "IAR .+ Compiler":
Determining if the C compiler works failed with the following output:
Change Dir: P:/rist/b-ninja/CMakeFiles/CMakeTmp

Run Build Command:"F:/cygwin64/bin/ninja.exe" "cmTC_0743a"
ninja: fatal: CreateProcess: Access is denied.



